# JRE version: OpenJDK Runtime Environment (8.0_152-b02) (build 1.8.0_152-release-1024-b02)
# Java VM: OpenJDK 64-Bit Server VM (25.152-b02 mixed mode windows-amd64 compressed oops)
Heap:
 PSYoungGen      total 187904K, used 125650K [0x00000000e0000000, 0x00000000ef780000, 0x0000000100000000)
  eden space 170496K, 73% used [0x00000000e0000000,0x00000000e7ab49b8,0x00000000ea680000)
  from space 17408K, 0% used [0x00000000ea680000,0x00000000ea680000,0x00000000eb780000)
  to   space 17920K, 0% used [0x00000000ee600000,0x00000000ee600000,0x00000000ef780000)
 ParOldGen       total 111104K, used 30126K [0x00000000a0000000, 0x00000000a6c80000, 0x00000000e0000000)
  object space 111104K, 27% used [0x00000000a0000000,0x00000000a1d6b8a8,0x00000000a6c80000)
 Metaspace       used 62108K, capacity 64018K, committed 64088K, reserved 1105920K
  class space    used 8097K, capacity 8544K, committed 8576K, reserved 1048576K
GC Heap History (10 events):
Event: 16.539 GC heap before
{Heap before GC invocations=12 (full 2):
 PSYoungGen      total 105472K, used 94208K [0x00000000e0000000, 0x00000000e9e80000, 0x0000000100000000)
  eden space 94208K, 100% used [0x00000000e0000000,0x00000000e5c00000,0x00000000e5c00000)
  from space 11264K, 0% used [0x00000000e5c00000,0x00000000e5c00000,0x00000000e6700000)
  to   space 10752K, 0% used [0x00000000e9400000,0x00000000e9400000,0x00000000e9e80000)
 ParOldGen       total 73216K, used 14344K [0x00000000a0000000, 0x00000000a4780000, 0x00000000e0000000)
  object space 73216K, 19% used [0x00000000a0000000,0x00000000a0e023b0,0x00000000a4780000)
 Metaspace       used 39975K, capacity 40706K, committed 41048K, reserved 1085440K
  class space    used 5440K, capacity 5684K, committed 5760K, reserved 1048576K
Event: 16.553 GC heap after
Heap after GC invocations=12 (full 2):
 PSYoungGen      total 138752K, used 10173K [0x00000000e0000000, 0x00000000e9e00000, 0x0000000100000000)
  eden space 128512K, 0% used [0x00000000e0000000,0x00000000e0000000,0x00000000e7d80000)
  from space 10240K, 99% used [0x00000000e9400000,0x00000000e9def670,0x00000000e9e00000)
  to   space 11776K, 0% used [0x00000000e8700000,0x00000000e8700000,0x00000000e9280000)
 ParOldGen       total 73216K, used 14352K [0x00000000a0000000, 0x00000000a4780000, 0x00000000e0000000)
  object space 73216K, 19% used [0x00000000a0000000,0x00000000a0e043b0,0x00000000a4780000)
 Metaspace       used 39975K, capacity 40706K, committed 41048K, reserved 1085440K
  class space    used 5440K, capacity 5684K, committed 5760K, reserved 1048576K
}
Event: 20.003 GC heap before
{Heap before GC invocations=13 (full 2):
 PSYoungGen      total 138752K, used 138685K [0x00000000e0000000, 0x00000000e9e00000, 0x0000000100000000)
  eden space 128512K, 100% used [0x00000000e0000000,0x00000000e7d80000,0x00000000e7d80000)
  from space 10240K, 99% used [0x00000000e9400000,0x00000000e9def670,0x00000000e9e00000)
  to   space 11776K, 0% used [0x00000000e8700000,0x00000000e8700000,0x00000000e9280000)
 ParOldGen       total 73216K, used 14352K [0x00000000a0000000, 0x00000000a4780000, 0x00000000e0000000)
  object space 73216K, 19% used [0x00000000a0000000,0x00000000a0e043b0,0x00000000a4780000)
 Metaspace       used 51647K, capacity 53156K, committed 53336K, reserved 1095680K
  class space    used 7093K, capacity 7471K, committed 7552K, reserved 1048576K
Event: 20.027 GC heap after
Heap after GC invocations=13 (full 2):
 PSYoungGen      total 150016K, used 11767K [0x00000000e0000000, 0x00000000ec780000, 0x0000000100000000)
  eden space 138240K, 0% used [0x00000000e0000000,0x00000000e0000000,0x00000000e8700000)
  from space 11776K, 99% used [0x00000000e8700000,0x00000000e927de50,0x00000000e9280000)
  to   space 16384K, 0% used [0x00000000eb780000,0x00000000eb780000,0x00000000ec780000)
 ParOldGen       total 73216K, used 23028K [0x00000000a0000000, 0x00000000a4780000, 0x00000000e0000000)
  object space 73216K, 31% used [0x00000000a0000000,0x00000000a167d080,0x00000000a4780000)
 Metaspace       used 51647K, capacity 53156K, committed 53336K, reserved 1095680K
  class space    used 7093K, capacity 7471K, committed 7552K, reserved 1048576K
}
Event: 26.768 GC heap before
{Heap before GC invocations=14 (full 2):
 PSYoungGen      total 150016K, used 150007K [0x00000000e0000000, 0x00000000ec780000, 0x0000000100000000)
  eden space 138240K, 100% used [0x00000000e0000000,0x00000000e8700000,0x00000000e8700000)
  from space 11776K, 99% used [0x00000000e8700000,0x00000000e927de50,0x00000000e9280000)
  to   space 16384K, 0% used [0x00000000eb780000,0x00000000eb780000,0x00000000ec780000)
 ParOldGen       total 73216K, used 23028K [0x00000000a0000000, 0x00000000a4780000, 0x00000000e0000000)
  object space 73216K, 31% used [0x00000000a0000000,0x00000000a167d080,0x00000000a4780000)
 Metaspace       used 56778K, capacity 58342K, committed 58712K, reserved 1099776K
  class space    used 7604K, capacity 7996K, committed 8064K, reserved 1048576K
Event: 26.835 GC heap after
Heap after GC invocations=14 (full 2):
 PSYoungGen      total 186880K, used 13051K [0x00000000e0000000, 0x00000000ed300000, 0x0000000100000000)
  eden space 170496K, 0% used [0x00000000e0000000,0x00000000e0000000,0x00000000ea680000)
  from space 16384K, 79% used [0x00000000eb780000,0x00000000ec43eeb8,0x00000000ec780000)
  to   space 17408K, 0% used [0x00000000ea680000,0x00000000ea680000,0x00000000eb780000)
 ParOldGen       total 73216K, used 29519K [0x00000000a0000000, 0x00000000a4780000, 0x00000000e0000000)
  object space 73216K, 40% used [0x00000000a0000000,0x00000000a1cd3c58,0x00000000a4780000)
 Metaspace       used 56778K, capacity 58342K, committed 58712K, reserved 1099776K
  class space    used 7604K, capacity 7996K, committed 8064K, reserved 1048576K
}
Event: 30.281 GC heap before
{Heap before GC invocations=15 (full 2):
 PSYoungGen      total 186880K, used 72142K [0x00000000e0000000, 0x00000000ed300000, 0x0000000100000000)
  eden space 170496K, 34% used [0x00000000e0000000,0x00000000e39b4d40,0x00000000ea680000)
  from space 16384K, 79% used [0x00000000eb780000,0x00000000ec43eeb8,0x00000000ec780000)
  to   space 17408K, 0% used [0x00000000ea680000,0x00000000ea680000,0x00000000eb780000)
 ParOldGen       total 73216K, used 29519K [0x00000000a0000000, 0x00000000a4780000, 0x00000000e0000000)
  object space 73216K, 40% used [0x00000000a0000000,0x00000000a1cd3c58,0x00000000a4780000)
 Metaspace       used 57327K, capacity 58834K, committed 58968K, reserved 1099776K
  class space    used 7650K, capacity 8004K, committed 8064K, reserved 1048576K
Event: 30.290 GC heap after
Heap after GC invocations=15 (full 2):
 PSYoungGen      total 187904K, used 1472K [0x00000000e0000000, 0x00000000ef780000, 0x0000000100000000)
  eden space 170496K, 0% used [0x00000000e0000000,0x00000000e0000000,0x00000000ea680000)
  from space 17408K, 8% used [0x00000000ea680000,0x00000000ea7f0320,0x00000000eb780000)
  to   space 17920K, 0% used [0x00000000ee600000,0x00000000ee600000,0x00000000ef780000)
 ParOldGen       total 73216K, used 31793K [0x00000000a0000000, 0x00000000a4780000, 0x00000000e0000000)
  object space 73216K, 43% used [0x00000000a0000000,0x00000000a1f0c608,0x00000000a4780000)
 Metaspace       used 57327K, capacity 58834K, committed 58968K, reserved 1099776K
  class space    used 7650K, capacity 8004K, committed 8064K, reserved 1048576K
}
Event: 30.290 GC heap before
{Heap before GC invocations=16 (full 3):
 PSYoungGen      total 187904K, used 1472K [0x00000000e0000000, 0x00000000ef780000, 0x0000000100000000)
  eden space 170496K, 0% used [0x00000000e0000000,0x00000000e0000000,0x00000000ea680000)
  from space 17408K, 8% used [0x00000000ea680000,0x00000000ea7f0320,0x00000000eb780000)
  to   space 17920K, 0% used [0x00000000ee600000,0x00000000ee600000,0x00000000ef780000)
 ParOldGen       total 73216K, used 31793K [0x00000000a0000000, 0x00000000a4780000, 0x00000000e0000000)
  object space 73216K, 43% used [0x00000000a0000000,0x00000000a1f0c608,0x00000000a4780000)
 Metaspace       used 57327K, capacity 58834K, committed 58968K, reserved 1099776K
  class space    used 7650K, capacity 8004K, committed 8064K, reserved 1048576K
Event: 30.572 GC heap after
Heap after GC invocations=16 (full 3):
 PSYoungGen      total 187904K, used 0K [0x00000000e0000000, 0x00000000ef780000, 0x0000000100000000)
  eden space 170496K, 0% used [0x00000000e0000000,0x00000000e0000000,0x00000000ea680000)
  from space 17408K, 0% used [0x00000000ea680000,0x00000000ea680000,0x00000000eb780000)
  to   space 17920K, 0% used [0x00000000ee600000,0x00000000ee600000,0x00000000ef780000)
 ParOldGen       total 111104K, used 30126K [0x00000000a0000000, 0x00000000a6c80000, 0x00000000e0000000)
  object space 111104K, 27% used [0x00000000a0000000,0x00000000a1d6b8a8,0x00000000a6c80000)
 Metaspace       used 57327K, capacity 58834K, committed 58968K, reserved 1099776K
  class space    used 7650K, capacity 8004K, committed 8064K, reserved 1048576K
}

